# JRE version: Java(TM) SE Runtime Environment (17.0.7+8) (build 17.0.7+8-LTS-224)
# Java VM: Java HotSpot(TM) 64-Bit Server VM (17.0.7+8-LTS-224, mixed mode, emulated-client, sharing, tiered, compressed oops, compressed class ptrs, g1 gc, windows-amd64)
GC Precious Log:
 CPUs: 8 total, 8 available
 Memory: 8025M
 Large Page Support: Disabled
 NUMA Support: Disabled
 Compressed Oops: Enabled (32-bit)
 Heap Region Size: 1M
 Heap Min Capacity: 8M
 Heap Initial Capacity: 126M
 Heap Max Capacity: 2008M
 Pre-touch: Disabled
 Parallel Workers: 8
 Concurrent Workers: 2
 Concurrent Refinement Workers: 8
 Periodic GC: Disabled
Heap:
 garbage-first heap   total 142336K, used 57773K [0x0000000082800000, 0x0000000100000000)
  region size 1024K, 1 young (1024K), 1 survivors (1024K)
 Metaspace       used 65420K, committed 65984K, reserved 1105920K
  class space    used 9706K, committed 9984K, reserved 1048576K
GC Heap History (20 events):
Event: 7.185 GC heap after
{Heap after GC invocations=20 (full 0):
 garbage-first heap   total 66560K, used 32006K [0x0000000082800000, 0x0000000100000000)
  region size 1024K, 3 young (3072K), 3 survivors (3072K)
 Metaspace       used 61398K, committed 61952K, reserved 1105920K
  class space    used 9135K, committed 9408K, reserved 1048576K
}
Event: 7.246 GC heap before
{Heap before GC invocations=20 (full 0):
 garbage-first heap   total 66560K, used 53510K [0x0000000082800000, 0x0000000100000000)
  region size 1024K, 24 young (24576K), 3 survivors (3072K)
 Metaspace       used 61424K, committed 62016K, reserved 1105920K
  class space    used 9142K, committed 9408K, reserved 1048576K
}
Event: 7.251 GC heap after
{Heap after GC invocations=21 (full 0):
 garbage-first heap   total 79872K, used 33883K [0x0000000082800000, 0x0000000100000000)
  region size 1024K, 3 young (3072K), 3 survivors (3072K)
 Metaspace       used 61424K, committed 62016K, reserved 1105920K
  class space    used 9142K, committed 9408K, reserved 1048576K
}
Event: 7.474 GC heap before
{Heap before GC invocations=22 (full 0):
 garbage-first heap   total 79872K, used 63579K [0x0000000082800000, 0x0000000100000000)
  region size 1024K, 32 young (32768K), 3 survivors (3072K)
 Metaspace       used 62350K, committed 62976K, reserved 1105920K
  class space    used 9284K, committed 9600K, reserved 1048576K
}
Event: 7.478 GC heap after
{Heap after GC invocations=23 (full 0):
 garbage-first heap   total 79872K, used 35423K [0x0000000082800000, 0x0000000100000000)
  region size 1024K, 4 young (4096K), 4 survivors (4096K)
 Metaspace       used 62350K, committed 62976K, reserved 1105920K
  class space    used 9284K, committed 9600K, reserved 1048576K
}
Event: 7.933 GC heap before
{Heap before GC invocations=23 (full 0):
 garbage-first heap   total 79872K, used 64095K [0x0000000082800000, 0x0000000100000000)
  region size 1024K, 32 young (32768K), 4 survivors (4096K)
 Metaspace       used 65142K, committed 65792K, reserved 1105920K
  class space    used 9675K, committed 9984K, reserved 1048576K
}
Event: 7.940 GC heap after
{Heap after GC invocations=24 (full 0):
 garbage-first heap   total 79872K, used 37635K [0x0000000082800000, 0x0000000100000000)
  region size 1024K, 4 young (4096K), 4 survivors (4096K)
 Metaspace       used 65142K, committed 65792K, reserved 1105920K
  class space    used 9675K, committed 9984K, reserved 1048576K
}
Event: 8.087 GC heap before
{Heap before GC invocations=24 (full 0):
 garbage-first heap   total 79872K, used 64259K [0x0000000082800000, 0x0000000100000000)
  region size 1024K, 30 young (30720K), 4 survivors (4096K)
 Metaspace       used 65328K, committed 65920K, reserved 1105920K
  class space    used 9693K, committed 9984K, reserved 1048576K
}
Event: 8.094 GC heap after
{Heap after GC invocations=25 (full 0):
 garbage-first heap   total 79872K, used 42844K [0x0000000082800000, 0x0000000100000000)
  region size 1024K, 4 young (4096K), 4 survivors (4096K)
 Metaspace       used 65328K, committed 65920K, reserved 1105920K
  class space    used 9693K, committed 9984K, reserved 1048576K
}
Event: 8.244 GC heap before
{Heap before GC invocations=25 (full 0):
 garbage-first heap   total 79872K, used 62300K [0x0000000082800000, 0x0000000100000000)
  region size 1024K, 24 young (24576K), 4 survivors (4096K)
 Metaspace       used 65423K, committed 65984K, reserved 1105920K
  class space    used 9706K, committed 9984K, reserved 1048576K
}
Event: 8.252 GC heap after
{Heap after GC invocations=26 (full 0):
 garbage-first heap   total 79872K, used 49171K [0x0000000082800000, 0x0000000100000000)
  region size 1024K, 3 young (3072K), 3 survivors (3072K)
 Metaspace       used 65423K, committed 65984K, reserved 1105920K
  class space    used 9706K, committed 9984K, reserved 1048576K
}
Event: 8.320 GC heap before
{Heap before GC invocations=26 (full 0):
 garbage-first heap   total 94208K, used 62483K [0x0000000082800000, 0x0000000100000000)
  region size 1024K, 16 young (16384K), 3 survivors (3072K)
 Metaspace       used 65420K, committed 65984K, reserved 1105920K
  class space    used 9706K, committed 9984K, reserved 1048576K
}
Event: 9.340 GC heap after
{Heap after GC invocations=27 (full 0):
 garbage-first heap   total 142336K, used 54083K [0x0000000082800000, 0x0000000100000000)
  region size 1024K, 2 young (2048K), 2 survivors (2048K)
 Metaspace       used 65420K, committed 65984K, reserved 1105920K
  class space    used 9706K, committed 9984K, reserved 1048576K
}
Event: 9.368 GC heap before
{Heap before GC invocations=28 (full 0):
 garbage-first heap   total 142336K, used 57155K [0x0000000082800000, 0x0000000100000000)
  region size 1024K, 6 young (6144K), 2 survivors (2048K)
 Metaspace       used 65420K, committed 65984K, reserved 1105920K
  class space    used 9706K, committed 9984K, reserved 1048576K
}
Event: 9.370 GC heap after
{Heap after GC invocations=29 (full 0):
 garbage-first heap   total 142336K, used 54178K [0x0000000082800000, 0x0000000100000000)
  region size 1024K, 1 young (1024K), 1 survivors (1024K)
 Metaspace       used 65420K, committed 65984K, reserved 1105920K
  class space    used 9706K, committed 9984K, reserved 1048576K
}
Event: 9.398 GC heap before
{Heap before GC invocations=29 (full 0):
 garbage-first heap   total 142336K, used 58274K [0x0000000082800000, 0x0000000100000000)
  region size 1024K, 6 young (6144K), 1 survivors (1024K)
 Metaspace       used 65420K, committed 65984K, reserved 1105920K
  class space    used 9706K, committed 9984K, reserved 1048576K
}
Event: 9.400 GC heap after
{Heap after GC invocations=30 (full 0):
 garbage-first heap   total 142336K, used 55316K [0x0000000082800000, 0x0000000100000000)
  region size 1024K, 1 young (1024K), 1 survivors (1024K)
 Metaspace       used 65420K, committed 65984K, reserved 1105920K
  class space    used 9706K, committed 9984K, reserved 1048576K
}
Event: 9.420 GC heap before
{Heap before GC invocations=30 (full 0):
 garbage-first heap   total 142336K, used 60436K [0x0000000082800000, 0x0000000100000000)
  region size 1024K, 6 young (6144K), 1 survivors (1024K)
 Metaspace       used 65420K, committed 65984K, reserved 1105920K
  class space    used 9706K, committed 9984K, reserved 1048576K
}
Event: 9.421 GC heap after
{Heap after GC invocations=31 (full 0):
 garbage-first heap   total 142336K, used 56580K [0x0000000082800000, 0x0000000100000000)
  region size 1024K, 1 young (1024K), 1 survivors (1024K)
 Metaspace       used 65420K, committed 65984K, reserved 1105920K
  class space    used 9706K, committed 9984K, reserved 1048576K
}
Event: 9.448 GC heap before
{Heap before GC invocations=31 (full 0):
 garbage-first heap   total 142336K, used 61700K [0x0000000082800000, 0x0000000100000000)
  region size 1024K, 6 young (6144K), 1 survivors (1024K)
 Metaspace       used 65420K, committed 65984K, reserved 1105920K
  class space    used 9706K, committed 9984K, reserved 1048576K
}

